[2022-09-22T23:31:47.415+0000] {taskinstance.py:1165} INFO - Dependencies all met for <TaskInstance: loading_data.insert_data manual__2022-09-22T23:31:37.561912+00:00 [queued]>
[2022-09-22T23:31:47.552+0000] {taskinstance.py:1165} INFO - Dependencies all met for <TaskInstance: loading_data.insert_data manual__2022-09-22T23:31:37.561912+00:00 [queued]>
[2022-09-22T23:31:47.553+0000] {taskinstance.py:1362} INFO - 
--------------------------------------------------------------------------------
[2022-09-22T23:31:47.556+0000] {taskinstance.py:1363} INFO - Starting attempt 1 of 1
[2022-09-22T23:31:47.557+0000] {taskinstance.py:1364} INFO - 
--------------------------------------------------------------------------------
[2022-09-22T23:31:47.647+0000] {taskinstance.py:1383} INFO - Executing <Task(PythonOperator): insert_data> on 2022-09-22 23:31:37.561912+00:00
[2022-09-22T23:31:47.654+0000] {standard_task_runner.py:54} INFO - Started process 22080 to run task
[2022-09-22T23:31:47.659+0000] {standard_task_runner.py:82} INFO - Running: ['***', 'tasks', 'run', 'loading_data', 'insert_data', 'manual__2022-09-22T23:31:37.561912+00:00', '--job-id', '74', '--raw', '--subdir', 'DAGS_FOLDER/load_data.py', '--cfg-path', '/tmp/tmphuwjt59u']
[2022-09-22T23:31:47.660+0000] {standard_task_runner.py:83} INFO - Job 74: Subtask insert_data
[2022-09-22T23:31:47.667+0000] {dagbag.py:525} INFO - Filling up the DagBag from /opt/***/dags/load_data.py
[2022-09-22T23:31:50.968+0000] {task_command.py:384} INFO - Running <TaskInstance: loading_data.insert_data manual__2022-09-22T23:31:37.561912+00:00 [running]> on host c1ab2cb1bbac
[2022-09-22T23:31:51.389+0000] {taskinstance.py:1592} INFO - Exporting the following env vars:
AIRFLOW_CTX_DAG_OWNER=***
AIRFLOW_CTX_DAG_ID=loading_data
AIRFLOW_CTX_TASK_ID=insert_data
AIRFLOW_CTX_EXECUTION_DATE=2022-09-22T23:31:37.561912+00:00
AIRFLOW_CTX_TRY_NUMBER=1
AIRFLOW_CTX_DAG_RUN_ID=manual__2022-09-22T23:31:37.561912+00:00
