[2022-09-24T09:25:04.338+0000] {taskinstance.py:1165} INFO - Dependencies all met for <TaskInstance: loading_data_remote.load_traj_tables_remote manual__2022-09-24T09:24:56.550422+00:00 [queued]>
[2022-09-24T09:25:04.370+0000] {taskinstance.py:1165} INFO - Dependencies all met for <TaskInstance: loading_data_remote.load_traj_tables_remote manual__2022-09-24T09:24:56.550422+00:00 [queued]>
[2022-09-24T09:25:04.370+0000] {taskinstance.py:1362} INFO - 
--------------------------------------------------------------------------------
[2022-09-24T09:25:04.371+0000] {taskinstance.py:1363} INFO - Starting attempt 1 of 1
[2022-09-24T09:25:04.372+0000] {taskinstance.py:1364} INFO - 
--------------------------------------------------------------------------------
[2022-09-24T09:25:04.444+0000] {taskinstance.py:1383} INFO - Executing <Task(PythonOperator): load_traj_tables_remote> on 2022-09-24 09:24:56.550422+00:00
[2022-09-24T09:25:04.450+0000] {standard_task_runner.py:54} INFO - Started process 238 to run task
[2022-09-24T09:25:04.459+0000] {standard_task_runner.py:82} INFO - Running: ['***', 'tasks', 'run', 'loading_data_remote', 'load_traj_tables_remote', 'manual__2022-09-24T09:24:56.550422+00:00', '--job-id', '147', '--raw', '--subdir', 'DAGS_FOLDER/load_data_remote.py', '--cfg-path', '/tmp/tmp8861buh9']
[2022-09-24T09:25:04.460+0000] {standard_task_runner.py:83} INFO - Job 147: Subtask load_traj_tables_remote
[2022-09-24T09:25:04.462+0000] {dagbag.py:525} INFO - Filling up the DagBag from /opt/***/dags/load_data_remote.py
[2022-09-24T09:25:07.569+0000] {task_command.py:384} INFO - Running <TaskInstance: loading_data_remote.load_traj_tables_remote manual__2022-09-24T09:24:56.550422+00:00 [running]> on host 211e88f8c2ad
[2022-09-24T09:25:07.905+0000] {taskinstance.py:1592} INFO - Exporting the following env vars:
AIRFLOW_CTX_DAG_OWNER=***
AIRFLOW_CTX_DAG_ID=loading_data_remote
AIRFLOW_CTX_TASK_ID=load_traj_tables_remote
AIRFLOW_CTX_EXECUTION_DATE=2022-09-24T09:24:56.550422+00:00
AIRFLOW_CTX_TRY_NUMBER=1
AIRFLOW_CTX_DAG_RUN_ID=manual__2022-09-24T09:24:56.550422+00:00
[2022-09-24T09:35:28.412+0000] {logging_mixin.py:117} INFO - Successfull
[2022-09-24T09:35:28.459+0000] {python.py:177} INFO - Done. Returned value was: None
[2022-09-24T09:35:28.472+0000] {taskinstance.py:1406} INFO - Marking task as SUCCESS. dag_id=loading_data_remote, task_id=load_traj_tables_remote, execution_date=20220924T092456, start_date=20220924T092504, end_date=20220924T093528
[2022-09-24T09:35:28.536+0000] {local_task_job.py:164} INFO - Task exited with return code 0
[2022-09-24T09:35:28.633+0000] {local_task_job.py:273} INFO - 0 downstream tasks scheduled from follow-on schedule check
