[2022-09-23T20:51:28.284+0000] {taskinstance.py:1165} INFO - Dependencies all met for <TaskInstance: loading_data_remote.load_car_tables_remotz manual__2022-09-23T20:49:39.808876+00:00 [queued]>
[2022-09-23T20:51:28.593+0000] {taskinstance.py:1165} INFO - Dependencies all met for <TaskInstance: loading_data_remote.load_car_tables_remotz manual__2022-09-23T20:49:39.808876+00:00 [queued]>
[2022-09-23T20:51:28.593+0000] {taskinstance.py:1362} INFO - 
--------------------------------------------------------------------------------
[2022-09-23T20:51:28.594+0000] {taskinstance.py:1363} INFO - Starting attempt 1 of 1
[2022-09-23T20:51:28.603+0000] {taskinstance.py:1364} INFO - 
--------------------------------------------------------------------------------
[2022-09-23T20:51:28.761+0000] {taskinstance.py:1383} INFO - Executing <Task(PythonOperator): load_car_tables_remotz> on 2022-09-23 20:49:39.808876+00:00
[2022-09-23T20:51:28.771+0000] {standard_task_runner.py:54} INFO - Started process 7581 to run task
[2022-09-23T20:51:28.779+0000] {standard_task_runner.py:82} INFO - Running: ['***', 'tasks', 'run', 'loading_data_remote', 'load_car_tables_remotz', 'manual__2022-09-23T20:49:39.808876+00:00', '--job-id', '137', '--raw', '--subdir', 'DAGS_FOLDER/load_data_remote.py', '--cfg-path', '/tmp/tmptof6l2dk']
[2022-09-23T20:51:28.780+0000] {standard_task_runner.py:83} INFO - Job 137: Subtask load_car_tables_remotz
[2022-09-23T20:51:28.788+0000] {dagbag.py:525} INFO - Filling up the DagBag from /opt/***/dags/load_data_remote.py
[2022-09-23T20:51:34.553+0000] {task_command.py:384} INFO - Running <TaskInstance: loading_data_remote.load_car_tables_remotz manual__2022-09-23T20:49:39.808876+00:00 [running]> on host 211e88f8c2ad
[2022-09-23T20:51:34.941+0000] {taskinstance.py:1592} INFO - Exporting the following env vars:
AIRFLOW_CTX_DAG_OWNER=***
AIRFLOW_CTX_DAG_ID=loading_data_remote
AIRFLOW_CTX_TASK_ID=load_car_tables_remotz
AIRFLOW_CTX_EXECUTION_DATE=2022-09-23T20:49:39.808876+00:00
AIRFLOW_CTX_TRY_NUMBER=1
AIRFLOW_CTX_DAG_RUN_ID=manual__2022-09-23T20:49:39.808876+00:00
[2022-09-23T20:51:51.441+0000] {logging_mixin.py:117} INFO - Successfull
[2022-09-23T20:51:51.645+0000] {python.py:177} INFO - Done. Returned value was: None
[2022-09-23T20:51:51.737+0000] {taskinstance.py:1406} INFO - Marking task as SUCCESS. dag_id=loading_data_remote, task_id=load_car_tables_remotz, execution_date=20220923T204939, start_date=20220923T205128, end_date=20220923T205151
[2022-09-23T20:51:52.562+0000] {local_task_job.py:164} INFO - Task exited with return code 0
[2022-09-23T20:51:52.730+0000] {local_task_job.py:273} INFO - 1 downstream tasks scheduled from follow-on schedule check
