[2022-09-23T01:07:08.576+0000] {taskinstance.py:1165} INFO - Dependencies all met for <TaskInstance: loading_data.load_car_tables manual__2022-09-23T01:07:05.815837+00:00 [queued]>
[2022-09-23T01:07:08.601+0000] {taskinstance.py:1165} INFO - Dependencies all met for <TaskInstance: loading_data.load_car_tables manual__2022-09-23T01:07:05.815837+00:00 [queued]>
[2022-09-23T01:07:08.602+0000] {taskinstance.py:1362} INFO - 
--------------------------------------------------------------------------------
[2022-09-23T01:07:08.602+0000] {taskinstance.py:1363} INFO - Starting attempt 1 of 1
[2022-09-23T01:07:08.603+0000] {taskinstance.py:1364} INFO - 
--------------------------------------------------------------------------------
[2022-09-23T01:07:08.695+0000] {taskinstance.py:1383} INFO - Executing <Task(PythonOperator): load_car_tables> on 2022-09-23 01:07:05.815837+00:00
[2022-09-23T01:07:08.716+0000] {standard_task_runner.py:54} INFO - Started process 1822 to run task
[2022-09-23T01:07:08.736+0000] {standard_task_runner.py:82} INFO - Running: ['***', 'tasks', 'run', 'loading_data', 'load_car_tables', 'manual__2022-09-23T01:07:05.815837+00:00', '--job-id', '123', '--raw', '--subdir', 'DAGS_FOLDER/load_data.py', '--cfg-path', '/tmp/tmp26goahkg']
[2022-09-23T01:07:08.737+0000] {standard_task_runner.py:83} INFO - Job 123: Subtask load_car_tables
[2022-09-23T01:07:08.738+0000] {dagbag.py:525} INFO - Filling up the DagBag from /opt/***/dags/load_data.py
[2022-09-23T01:07:11.140+0000] {task_command.py:384} INFO - Running <TaskInstance: loading_data.load_car_tables manual__2022-09-23T01:07:05.815837+00:00 [running]> on host 211e88f8c2ad
[2022-09-23T01:07:11.698+0000] {taskinstance.py:1592} INFO - Exporting the following env vars:
AIRFLOW_CTX_DAG_OWNER=***
AIRFLOW_CTX_DAG_ID=loading_data
AIRFLOW_CTX_TASK_ID=load_car_tables
AIRFLOW_CTX_EXECUTION_DATE=2022-09-23T01:07:05.815837+00:00
AIRFLOW_CTX_TRY_NUMBER=1
AIRFLOW_CTX_DAG_RUN_ID=manual__2022-09-23T01:07:05.815837+00:00
[2022-09-23T01:07:15.051+0000] {logging_mixin.py:117} INFO - Successfull
[2022-09-23T01:07:15.095+0000] {python.py:177} INFO - Done. Returned value was: None
[2022-09-23T01:07:15.121+0000] {taskinstance.py:1406} INFO - Marking task as SUCCESS. dag_id=loading_data, task_id=load_car_tables, execution_date=20220923T010705, start_date=20220923T010708, end_date=20220923T010715
[2022-09-23T01:07:15.315+0000] {local_task_job.py:164} INFO - Task exited with return code 0
[2022-09-23T01:07:15.447+0000] {local_task_job.py:273} INFO - 0 downstream tasks scheduled from follow-on schedule check
