[2022-09-23T20:49:52.640+0000] {taskinstance.py:1165} INFO - Dependencies all met for <TaskInstance: loading_data_remote.load_car_tables_remotz scheduled__2022-01-01T00:00:00+00:00 [queued]>
[2022-09-23T20:49:52.750+0000] {taskinstance.py:1165} INFO - Dependencies all met for <TaskInstance: loading_data_remote.load_car_tables_remotz scheduled__2022-01-01T00:00:00+00:00 [queued]>
[2022-09-23T20:49:52.750+0000] {taskinstance.py:1362} INFO - 
--------------------------------------------------------------------------------
[2022-09-23T20:49:52.750+0000] {taskinstance.py:1363} INFO - Starting attempt 1 of 1
[2022-09-23T20:49:52.751+0000] {taskinstance.py:1364} INFO - 
--------------------------------------------------------------------------------
[2022-09-23T20:49:52.845+0000] {taskinstance.py:1383} INFO - Executing <Task(PythonOperator): load_car_tables_remotz> on 2022-01-01 00:00:00+00:00
[2022-09-23T20:49:52.851+0000] {standard_task_runner.py:54} INFO - Started process 7549 to run task
[2022-09-23T20:49:52.885+0000] {standard_task_runner.py:82} INFO - Running: ['***', 'tasks', 'run', 'loading_data_remote', 'load_car_tables_remotz', 'scheduled__2022-01-01T00:00:00+00:00', '--job-id', '135', '--raw', '--subdir', 'DAGS_FOLDER/load_data_remote.py', '--cfg-path', '/tmp/tmp2eb2aul3']
[2022-09-23T20:49:52.886+0000] {standard_task_runner.py:83} INFO - Job 135: Subtask load_car_tables_remotz
[2022-09-23T20:49:52.903+0000] {dagbag.py:525} INFO - Filling up the DagBag from /opt/***/dags/load_data_remote.py
[2022-09-23T20:50:00.984+0000] {task_command.py:384} INFO - Running <TaskInstance: loading_data_remote.load_car_tables_remotz scheduled__2022-01-01T00:00:00+00:00 [running]> on host 211e88f8c2ad
[2022-09-23T20:50:02.057+0000] {taskinstance.py:1592} INFO - Exporting the following env vars:
AIRFLOW_CTX_DAG_OWNER=***
AIRFLOW_CTX_DAG_ID=loading_data_remote
AIRFLOW_CTX_TASK_ID=load_car_tables_remotz
AIRFLOW_CTX_EXECUTION_DATE=2022-01-01T00:00:00+00:00
AIRFLOW_CTX_TRY_NUMBER=1
AIRFLOW_CTX_DAG_RUN_ID=scheduled__2022-01-01T00:00:00+00:00
[2022-09-23T20:50:11.728+0000] {logging_mixin.py:117} INFO - Successfull
[2022-09-23T20:50:12.050+0000] {python.py:177} INFO - Done. Returned value was: None
[2022-09-23T20:50:12.471+0000] {taskinstance.py:1406} INFO - Marking task as SUCCESS. dag_id=loading_data_remote, task_id=load_car_tables_remotz, execution_date=20220101T000000, start_date=20220923T204952, end_date=20220923T205012
[2022-09-23T20:50:12.616+0000] {local_task_job.py:164} INFO - Task exited with return code 0
[2022-09-23T20:50:12.702+0000] {local_task_job.py:273} INFO - 1 downstream tasks scheduled from follow-on schedule check
