[2022-09-24T08:48:22.437+0000] {taskinstance.py:1165} INFO - Dependencies all met for <TaskInstance: loading_data_remote.load_traj_tables_remote manual__2022-09-24T08:48:18.307261+00:00 [queued]>
[2022-09-24T08:48:22.512+0000] {taskinstance.py:1165} INFO - Dependencies all met for <TaskInstance: loading_data_remote.load_traj_tables_remote manual__2022-09-24T08:48:18.307261+00:00 [queued]>
[2022-09-24T08:48:22.513+0000] {taskinstance.py:1362} INFO - 
--------------------------------------------------------------------------------
[2022-09-24T08:48:22.513+0000] {taskinstance.py:1363} INFO - Starting attempt 1 of 1
[2022-09-24T08:48:22.513+0000] {taskinstance.py:1364} INFO - 
--------------------------------------------------------------------------------
[2022-09-24T08:48:22.622+0000] {taskinstance.py:1383} INFO - Executing <Task(PythonOperator): load_traj_tables_remote> on 2022-09-24 08:48:18.307261+00:00
[2022-09-24T08:48:22.632+0000] {standard_task_runner.py:54} INFO - Started process 29710 to run task
[2022-09-24T08:48:22.639+0000] {standard_task_runner.py:82} INFO - Running: ['***', 'tasks', 'run', 'loading_data_remote', 'load_traj_tables_remote', 'manual__2022-09-24T08:48:18.307261+00:00', '--job-id', '142', '--raw', '--subdir', 'DAGS_FOLDER/load_data_remote.py', '--cfg-path', '/tmp/tmpd30zsp5b']
[2022-09-24T08:48:22.640+0000] {standard_task_runner.py:83} INFO - Job 142: Subtask load_traj_tables_remote
[2022-09-24T08:48:22.641+0000] {dagbag.py:525} INFO - Filling up the DagBag from /opt/***/dags/load_data_remote.py
[2022-09-24T08:48:24.042+0000] {task_command.py:384} INFO - Running <TaskInstance: loading_data_remote.load_traj_tables_remote manual__2022-09-24T08:48:18.307261+00:00 [running]> on host 211e88f8c2ad
[2022-09-24T08:48:24.356+0000] {taskinstance.py:1592} INFO - Exporting the following env vars:
AIRFLOW_CTX_DAG_OWNER=***
AIRFLOW_CTX_DAG_ID=loading_data_remote
AIRFLOW_CTX_TASK_ID=load_traj_tables_remote
AIRFLOW_CTX_EXECUTION_DATE=2022-09-24T08:48:18.307261+00:00
AIRFLOW_CTX_TRY_NUMBER=1
AIRFLOW_CTX_DAG_RUN_ID=manual__2022-09-24T08:48:18.307261+00:00
[2022-09-24T08:52:39.769+0000] {local_task_job.py:164} INFO - Task exited with return code Negsignal.SIGKILL
[2022-09-24T08:52:39.986+0000] {local_task_job.py:273} INFO - 0 downstream tasks scheduled from follow-on schedule check
