[2022-09-22T23:48:05.963+0000] {taskinstance.py:1165} INFO - Dependencies all met for <TaskInstance: loading_data.insert_data manual__2022-09-22T23:48:00.520264+00:00 [queued]>
[2022-09-22T23:48:05.986+0000] {taskinstance.py:1165} INFO - Dependencies all met for <TaskInstance: loading_data.insert_data manual__2022-09-22T23:48:00.520264+00:00 [queued]>
[2022-09-22T23:48:05.987+0000] {taskinstance.py:1362} INFO - 
--------------------------------------------------------------------------------
[2022-09-22T23:48:05.987+0000] {taskinstance.py:1363} INFO - Starting attempt 1 of 1
[2022-09-22T23:48:05.987+0000] {taskinstance.py:1364} INFO - 
--------------------------------------------------------------------------------
[2022-09-22T23:48:06.040+0000] {taskinstance.py:1383} INFO - Executing <Task(PythonOperator): insert_data> on 2022-09-22 23:48:00.520264+00:00
[2022-09-22T23:48:06.053+0000] {standard_task_runner.py:82} INFO - Running: ['***', 'tasks', 'run', 'loading_data', 'insert_data', 'manual__2022-09-22T23:48:00.520264+00:00', '--job-id', '111', '--raw', '--subdir', 'DAGS_FOLDER/load_data.py', '--cfg-path', '/tmp/tmpyokbfs4z']
[2022-09-22T23:48:06.054+0000] {standard_task_runner.py:54} INFO - Started process 230 to run task
[2022-09-22T23:48:06.055+0000] {standard_task_runner.py:83} INFO - Job 111: Subtask insert_data
[2022-09-22T23:48:06.066+0000] {dagbag.py:525} INFO - Filling up the DagBag from /opt/***/dags/load_data.py
[2022-09-22T23:48:07.184+0000] {task_command.py:384} INFO - Running <TaskInstance: loading_data.insert_data manual__2022-09-22T23:48:00.520264+00:00 [running]> on host 211e88f8c2ad
[2022-09-22T23:48:08.103+0000] {taskinstance.py:1592} INFO - Exporting the following env vars:
AIRFLOW_CTX_DAG_OWNER=***
AIRFLOW_CTX_DAG_ID=loading_data
AIRFLOW_CTX_TASK_ID=insert_data
AIRFLOW_CTX_EXECUTION_DATE=2022-09-22T23:48:00.520264+00:00
AIRFLOW_CTX_TRY_NUMBER=1
AIRFLOW_CTX_DAG_RUN_ID=manual__2022-09-22T23:48:00.520264+00:00
[2022-09-22T23:50:21.478+0000] {logging_mixin.py:117} INFO - Successfull
[2022-09-22T23:50:21.875+0000] {python.py:177} INFO - Done. Returned value was: None
[2022-09-22T23:50:21.911+0000] {taskinstance.py:1406} INFO - Marking task as SUCCESS. dag_id=loading_data, task_id=insert_data, execution_date=20220922T234800, start_date=20220922T234805, end_date=20220922T235021
[2022-09-22T23:50:22.104+0000] {local_task_job.py:164} INFO - Task exited with return code 0
[2022-09-22T23:50:22.540+0000] {local_task_job.py:273} INFO - 0 downstream tasks scheduled from follow-on schedule check
