[2022-09-22T14:38:16.384+0000] {taskinstance.py:1165} INFO - Dependencies all met for <TaskInstance: loading_data.insert_data scheduled__2022-01-01T00:00:00+00:00 [queued]>
[2022-09-22T14:38:16.431+0000] {taskinstance.py:1165} INFO - Dependencies all met for <TaskInstance: loading_data.insert_data scheduled__2022-01-01T00:00:00+00:00 [queued]>
[2022-09-22T14:38:16.432+0000] {taskinstance.py:1362} INFO - 
--------------------------------------------------------------------------------
[2022-09-22T14:38:16.432+0000] {taskinstance.py:1363} INFO - Starting attempt 1 of 1
[2022-09-22T14:38:16.433+0000] {taskinstance.py:1364} INFO - 
--------------------------------------------------------------------------------
[2022-09-22T14:38:16.565+0000] {taskinstance.py:1383} INFO - Executing <Task(PythonOperator): insert_data> on 2022-01-01 00:00:00+00:00
[2022-09-22T14:38:16.574+0000] {standard_task_runner.py:54} INFO - Started process 365 to run task
[2022-09-22T14:38:16.580+0000] {standard_task_runner.py:82} INFO - Running: ['***', 'tasks', 'run', 'loading_data', 'insert_data', 'scheduled__2022-01-01T00:00:00+00:00', '--job-id', '14', '--raw', '--subdir', 'DAGS_FOLDER/load_data.py', '--cfg-path', '/tmp/tmpbmfytl1l']
[2022-09-22T14:38:16.583+0000] {standard_task_runner.py:83} INFO - Job 14: Subtask insert_data
[2022-09-22T14:38:16.584+0000] {dagbag.py:525} INFO - Filling up the DagBag from /opt/***/dags/load_data.py
[2022-09-22T14:38:17.479+0000] {task_command.py:384} INFO - Running <TaskInstance: loading_data.insert_data scheduled__2022-01-01T00:00:00+00:00 [running]> on host c1ab2cb1bbac
[2022-09-22T14:38:17.745+0000] {taskinstance.py:1592} INFO - Exporting the following env vars:
AIRFLOW_CTX_DAG_OWNER=***
AIRFLOW_CTX_DAG_ID=loading_data
AIRFLOW_CTX_TASK_ID=insert_data
AIRFLOW_CTX_EXECUTION_DATE=2022-01-01T00:00:00+00:00
AIRFLOW_CTX_TRY_NUMBER=1
AIRFLOW_CTX_DAG_RUN_ID=scheduled__2022-01-01T00:00:00+00:00
[2022-09-22T14:38:17.775+0000] {local_task_job.py:164} INFO - Task exited with return code 1
[2022-09-22T14:38:17.848+0000] {local_task_job.py:273} INFO - 0 downstream tasks scheduled from follow-on schedule check
