[2022-09-22T22:59:05.327+0000] {taskinstance.py:1165} INFO - Dependencies all met for <TaskInstance: loading_data.insert_data manual__2022-09-22T22:58:48.865322+00:00 [queued]>
[2022-09-22T22:59:05.410+0000] {taskinstance.py:1165} INFO - Dependencies all met for <TaskInstance: loading_data.insert_data manual__2022-09-22T22:58:48.865322+00:00 [queued]>
[2022-09-22T22:59:05.410+0000] {taskinstance.py:1362} INFO - 
--------------------------------------------------------------------------------
[2022-09-22T22:59:05.411+0000] {taskinstance.py:1363} INFO - Starting attempt 1 of 1
[2022-09-22T22:59:05.411+0000] {taskinstance.py:1364} INFO - 
--------------------------------------------------------------------------------
[2022-09-22T22:59:05.486+0000] {taskinstance.py:1383} INFO - Executing <Task(PythonOperator): insert_data> on 2022-09-22 22:58:48.865322+00:00
[2022-09-22T22:59:05.493+0000] {standard_task_runner.py:54} INFO - Started process 20866 to run task
[2022-09-22T22:59:05.497+0000] {standard_task_runner.py:82} INFO - Running: ['***', 'tasks', 'run', 'loading_data', 'insert_data', 'manual__2022-09-22T22:58:48.865322+00:00', '--job-id', '60', '--raw', '--subdir', 'DAGS_FOLDER/load_data.py', '--cfg-path', '/tmp/tmpsphr0o9r']
[2022-09-22T22:59:05.499+0000] {standard_task_runner.py:83} INFO - Job 60: Subtask insert_data
[2022-09-22T22:59:05.501+0000] {dagbag.py:525} INFO - Filling up the DagBag from /opt/***/dags/load_data.py
[2022-09-22T22:59:07.427+0000] {task_command.py:384} INFO - Running <TaskInstance: loading_data.insert_data manual__2022-09-22T22:58:48.865322+00:00 [running]> on host c1ab2cb1bbac
[2022-09-22T22:59:07.648+0000] {taskinstance.py:1592} INFO - Exporting the following env vars:
AIRFLOW_CTX_DAG_OWNER=***
AIRFLOW_CTX_DAG_ID=loading_data
AIRFLOW_CTX_TASK_ID=insert_data
AIRFLOW_CTX_EXECUTION_DATE=2022-09-22T22:58:48.865322+00:00
AIRFLOW_CTX_TRY_NUMBER=1
AIRFLOW_CTX_DAG_RUN_ID=manual__2022-09-22T22:58:48.865322+00:00
[2022-09-22T22:59:07.698+0000] {local_task_job.py:164} INFO - Task exited with return code 1
[2022-09-22T22:59:07.741+0000] {local_task_job.py:273} INFO - 0 downstream tasks scheduled from follow-on schedule check
