[2022-09-23T18:07:33.772+0000] {taskinstance.py:1165} INFO - Dependencies all met for <TaskInstance: loading_data.load_traj_tables manual__2022-09-23T18:07:20.103793+00:00 [queued]>
[2022-09-23T18:07:33.851+0000] {taskinstance.py:1165} INFO - Dependencies all met for <TaskInstance: loading_data.load_traj_tables manual__2022-09-23T18:07:20.103793+00:00 [queued]>
[2022-09-23T18:07:33.852+0000] {taskinstance.py:1362} INFO - 
--------------------------------------------------------------------------------
[2022-09-23T18:07:33.852+0000] {taskinstance.py:1363} INFO - Starting attempt 1 of 1
[2022-09-23T18:07:33.852+0000] {taskinstance.py:1364} INFO - 
--------------------------------------------------------------------------------
[2022-09-23T18:07:33.962+0000] {taskinstance.py:1383} INFO - Executing <Task(PythonOperator): load_traj_tables> on 2022-09-23 18:07:20.103793+00:00
[2022-09-23T18:07:33.973+0000] {standard_task_runner.py:54} INFO - Started process 894 to run task
[2022-09-23T18:07:33.987+0000] {standard_task_runner.py:82} INFO - Running: ['***', 'tasks', 'run', 'loading_data', 'load_traj_tables', 'manual__2022-09-23T18:07:20.103793+00:00', '--job-id', '134', '--raw', '--subdir', 'DAGS_FOLDER/load_data.py', '--cfg-path', '/tmp/tmppim100ym']
[2022-09-23T18:07:33.988+0000] {standard_task_runner.py:83} INFO - Job 134: Subtask load_traj_tables
[2022-09-23T18:07:33.990+0000] {dagbag.py:525} INFO - Filling up the DagBag from /opt/***/dags/load_data.py
[2022-09-23T18:07:36.057+0000] {task_command.py:384} INFO - Running <TaskInstance: loading_data.load_traj_tables manual__2022-09-23T18:07:20.103793+00:00 [running]> on host 211e88f8c2ad
[2022-09-23T18:07:36.520+0000] {taskinstance.py:1592} INFO - Exporting the following env vars:
AIRFLOW_CTX_DAG_OWNER=***
AIRFLOW_CTX_DAG_ID=loading_data
AIRFLOW_CTX_TASK_ID=load_traj_tables
AIRFLOW_CTX_EXECUTION_DATE=2022-09-23T18:07:20.103793+00:00
AIRFLOW_CTX_TRY_NUMBER=1
AIRFLOW_CTX_DAG_RUN_ID=manual__2022-09-23T18:07:20.103793+00:00
[2022-09-23T18:09:43.342+0000] {logging_mixin.py:117} INFO - Successfull
[2022-09-23T18:09:43.802+0000] {python.py:177} INFO - Done. Returned value was: None
[2022-09-23T18:09:43.817+0000] {taskinstance.py:1406} INFO - Marking task as SUCCESS. dag_id=loading_data, task_id=load_traj_tables, execution_date=20220923T180720, start_date=20220923T180733, end_date=20220923T180943
[2022-09-23T18:09:43.946+0000] {local_task_job.py:164} INFO - Task exited with return code 0
[2022-09-23T18:09:44.112+0000] {local_task_job.py:273} INFO - 0 downstream tasks scheduled from follow-on schedule check
