[2022-09-22T14:57:28.670+0000] {taskinstance.py:1165} INFO - Dependencies all met for <TaskInstance: loading_data.insert_data manual__2022-09-22T14:57:17.645195+00:00 [queued]>
[2022-09-22T14:57:28.691+0000] {taskinstance.py:1165} INFO - Dependencies all met for <TaskInstance: loading_data.insert_data manual__2022-09-22T14:57:17.645195+00:00 [queued]>
[2022-09-22T14:57:28.692+0000] {taskinstance.py:1362} INFO - 
--------------------------------------------------------------------------------
[2022-09-22T14:57:28.692+0000] {taskinstance.py:1363} INFO - Starting attempt 1 of 1
[2022-09-22T14:57:28.692+0000] {taskinstance.py:1364} INFO - 
--------------------------------------------------------------------------------
[2022-09-22T14:57:28.762+0000] {taskinstance.py:1383} INFO - Executing <Task(PythonOperator): insert_data> on 2022-09-22 14:57:17.645195+00:00
[2022-09-22T14:57:28.769+0000] {standard_task_runner.py:54} INFO - Started process 1152 to run task
[2022-09-22T14:57:28.774+0000] {standard_task_runner.py:82} INFO - Running: ['***', 'tasks', 'run', 'loading_data', 'insert_data', 'manual__2022-09-22T14:57:17.645195+00:00', '--job-id', '18', '--raw', '--subdir', 'DAGS_FOLDER/load_data.py', '--cfg-path', '/tmp/tmpye37b9lq']
[2022-09-22T14:57:28.774+0000] {standard_task_runner.py:83} INFO - Job 18: Subtask insert_data
[2022-09-22T14:57:28.775+0000] {dagbag.py:525} INFO - Filling up the DagBag from /opt/***/dags/load_data.py
[2022-09-22T14:57:29.559+0000] {task_command.py:384} INFO - Running <TaskInstance: loading_data.insert_data manual__2022-09-22T14:57:17.645195+00:00 [running]> on host c1ab2cb1bbac
[2022-09-22T14:57:29.802+0000] {taskinstance.py:1592} INFO - Exporting the following env vars:
AIRFLOW_CTX_DAG_OWNER=***
AIRFLOW_CTX_DAG_ID=loading_data
AIRFLOW_CTX_TASK_ID=insert_data
AIRFLOW_CTX_EXECUTION_DATE=2022-09-22T14:57:17.645195+00:00
AIRFLOW_CTX_TRY_NUMBER=1
AIRFLOW_CTX_DAG_RUN_ID=manual__2022-09-22T14:57:17.645195+00:00
[2022-09-22T14:57:29.849+0000] {local_task_job.py:164} INFO - Task exited with return code 1
[2022-09-22T14:57:29.927+0000] {local_task_job.py:273} INFO - 0 downstream tasks scheduled from follow-on schedule check
