[2022-09-23T08:20:22.830+0000] {taskinstance.py:1165} INFO - Dependencies all met for <TaskInstance: loading_data.load_traj_tables manual__2022-09-23T08:20:09.365440+00:00 [queued]>
[2022-09-23T08:20:22.847+0000] {taskinstance.py:1165} INFO - Dependencies all met for <TaskInstance: loading_data.load_traj_tables manual__2022-09-23T08:20:09.365440+00:00 [queued]>
[2022-09-23T08:20:22.847+0000] {taskinstance.py:1362} INFO - 
--------------------------------------------------------------------------------
[2022-09-23T08:20:22.848+0000] {taskinstance.py:1363} INFO - Starting attempt 1 of 1
[2022-09-23T08:20:22.848+0000] {taskinstance.py:1364} INFO - 
--------------------------------------------------------------------------------
[2022-09-23T08:20:22.900+0000] {taskinstance.py:1383} INFO - Executing <Task(PythonOperator): load_traj_tables> on 2022-09-23 08:20:09.365440+00:00
[2022-09-23T08:20:22.906+0000] {standard_task_runner.py:54} INFO - Started process 18076 to run task
[2022-09-23T08:20:22.911+0000] {standard_task_runner.py:82} INFO - Running: ['***', 'tasks', 'run', 'loading_data', 'load_traj_tables', 'manual__2022-09-23T08:20:09.365440+00:00', '--job-id', '127', '--raw', '--subdir', 'DAGS_FOLDER/load_data.py', '--cfg-path', '/tmp/tmps7_dsaop']
[2022-09-23T08:20:22.913+0000] {standard_task_runner.py:83} INFO - Job 127: Subtask load_traj_tables
[2022-09-23T08:20:22.914+0000] {dagbag.py:525} INFO - Filling up the DagBag from /opt/***/dags/load_data.py
[2022-09-23T08:20:23.618+0000] {task_command.py:384} INFO - Running <TaskInstance: loading_data.load_traj_tables manual__2022-09-23T08:20:09.365440+00:00 [running]> on host 211e88f8c2ad
[2022-09-23T08:20:23.877+0000] {taskinstance.py:1592} INFO - Exporting the following env vars:
AIRFLOW_CTX_DAG_OWNER=***
AIRFLOW_CTX_DAG_ID=loading_data
AIRFLOW_CTX_TASK_ID=load_traj_tables
AIRFLOW_CTX_EXECUTION_DATE=2022-09-23T08:20:09.365440+00:00
AIRFLOW_CTX_TRY_NUMBER=1
AIRFLOW_CTX_DAG_RUN_ID=manual__2022-09-23T08:20:09.365440+00:00
