[2022-09-24T08:44:39.034+0000] {taskinstance.py:1165} INFO - Dependencies all met for <TaskInstance: loading_data_remote.load_car_tables_remotz manual__2022-09-24T08:44:15.615954+00:00 [queued]>
[2022-09-24T08:44:39.983+0000] {taskinstance.py:1165} INFO - Dependencies all met for <TaskInstance: loading_data_remote.load_car_tables_remotz manual__2022-09-24T08:44:15.615954+00:00 [queued]>
[2022-09-24T08:44:39.984+0000] {taskinstance.py:1362} INFO - 
--------------------------------------------------------------------------------
[2022-09-24T08:44:39.984+0000] {taskinstance.py:1363} INFO - Starting attempt 1 of 1
[2022-09-24T08:44:39.984+0000] {taskinstance.py:1364} INFO - 
--------------------------------------------------------------------------------
[2022-09-24T08:44:40.172+0000] {taskinstance.py:1383} INFO - Executing <Task(PythonOperator): load_car_tables_remotz> on 2022-09-24 08:44:15.615954+00:00
[2022-09-24T08:44:40.180+0000] {standard_task_runner.py:54} INFO - Started process 29574 to run task
[2022-09-24T08:44:40.196+0000] {standard_task_runner.py:82} INFO - Running: ['***', 'tasks', 'run', 'loading_data_remote', 'load_car_tables_remotz', 'manual__2022-09-24T08:44:15.615954+00:00', '--job-id', '141', '--raw', '--subdir', 'DAGS_FOLDER/load_data_remote.py', '--cfg-path', '/tmp/tmpxurvi60s']
[2022-09-24T08:44:40.197+0000] {standard_task_runner.py:83} INFO - Job 141: Subtask load_car_tables_remotz
[2022-09-24T08:44:40.198+0000] {dagbag.py:525} INFO - Filling up the DagBag from /opt/***/dags/load_data_remote.py
[2022-09-24T08:44:46.878+0000] {task_command.py:384} INFO - Running <TaskInstance: loading_data_remote.load_car_tables_remotz manual__2022-09-24T08:44:15.615954+00:00 [running]> on host 211e88f8c2ad
[2022-09-24T08:44:47.170+0000] {taskinstance.py:1592} INFO - Exporting the following env vars:
AIRFLOW_CTX_DAG_OWNER=***
AIRFLOW_CTX_DAG_ID=loading_data_remote
AIRFLOW_CTX_TASK_ID=load_car_tables_remotz
AIRFLOW_CTX_EXECUTION_DATE=2022-09-24T08:44:15.615954+00:00
AIRFLOW_CTX_TRY_NUMBER=1
AIRFLOW_CTX_DAG_RUN_ID=manual__2022-09-24T08:44:15.615954+00:00
[2022-09-24T08:45:00.087+0000] {logging_mixin.py:117} INFO - Successfull
[2022-09-24T08:45:00.096+0000] {python.py:177} INFO - Done. Returned value was: None
[2022-09-24T08:45:00.167+0000] {taskinstance.py:1406} INFO - Marking task as SUCCESS. dag_id=loading_data_remote, task_id=load_car_tables_remotz, execution_date=20220924T084415, start_date=20220924T084439, end_date=20220924T084500
[2022-09-24T08:45:00.391+0000] {local_task_job.py:164} INFO - Task exited with return code 0
[2022-09-24T08:45:00.858+0000] {local_task_job.py:273} INFO - 0 downstream tasks scheduled from follow-on schedule check
